/Users/runner/work/thornado/thornado/amrex/Tools/GNUMake/Make.rules:503: tmp_build_dir/d/1d.gnu.DEBUG.MPI.EXE/f90.depends: No such file or directory
warning: module hdf5 required by /Users/runner/work/thornado/thornado/SandBox/AMReX/Modules/Library/ProgenitorModule.f90 not found
warning: module geometryfieldsmodulee required by /Users/runner/work/thornado/thornado/SandBox/AMReX/Modules/Geometry/MF_GravitySolutionModule_XCFC_Poseidon.F90 not found
warning: module geometryfieldsmodulee required by /Users/runner/work/thornado/thornado/Modules/Geometry/GeometryComputationModuleE.F90 not found
tmp_build_dir/d/1d.gnu.DEBUG.MPI.EXE/f90.depends:5: module hdf5 required by /Users/runner/work/thornado/thornado/SandBox/AMReX/Modules/Library/ProgenitorModule.f90 not found
tmp_build_dir/d/1d.gnu.DEBUG.MPI.EXE/f90.depends:626: module geometryfieldsmodulee required by /Users/runner/work/thornado/thornado/SandBox/AMReX/Modules/Geometry/MF_GravitySolutionModule_XCFC_Poseidon.F90 not found
tmp_build_dir/d/1d.gnu.DEBUG.MPI.EXE/f90.depends:659: module geometryfieldsmodulee required by /Users/runner/work/thornado/thornado/Modules/Geometry/GeometryComputationModuleE.F90 not found
cc1plus: warning: /include: No such file or directory [-Wmissing-include-dirs]
cc1plus: warning: /include: No such file or directory [-Wmissing-include-dirs]
cc1plus: warning: /include: No such file or directory [-Wmissing-include-dirs]
cc1plus: warning: /include: No such file or directory [-Wmissing-include-dirs]
cc1plus: warning: /include: No such file or directory [-Wmissing-include-dirs]
cc1plus: warning: /include: No such file or directory [-Wmissing-include-dirs]
cc1plus: warning: /include: No such file or directory [-Wmissing-include-dirs]
cc1plus: warning: /include: No such file or directory [-Wmissing-include-dirs]
cc1plus: warning: /include: No such file or directory [-Wmissing-include-dirs]
cc1plus: warning: /include: No such file or directory [-Wmissing-include-dirs]
cc1plus: warning: /include: No such file or directory [-Wmissing-include-dirs]
cc1plus: warning: /include: No such file or directory [-Wmissing-include-dirs]
cc1plus: warning: /include: No such file or directory [-Wmissing-include-dirs]
cc1plus: warning: /include: No such file or directory [-Wmissing-include-dirs]
cc1plus: warning: /include: No such file or directory [-Wmissing-include-dirs]
cc1plus: warning: /include: No such file or directory [-Wmissing-include-dirs]
cc1plus: warning: /include: No such file or directory [-Wmissing-include-dirs]
cc1plus: warning: /include: No such file or directory [-Wmissing-include-dirs]
cc1plus: warning: /include: No such file or directory [-Wmissing-include-dirs]
cc1plus: warning: /include: No such file or directory [-Wmissing-include-dirs]
cc1plus: warning: /include: No such file or directory [-Wmissing-include-dirs]
cc1plus: warning: /include: No such file or directory [-Wmissing-include-dirs]
cc1plus: warning: /include: No such file or directory [-Wmissing-include-dirs]
cc1plus: warning: /include: No such file or directory [-Wmissing-include-dirs]
cc1plus: warning: /include: No such file or directory [-Wmissing-include-dirs]
cc1plus: warning: /include: No such file or directory [-Wmissing-include-dirs]
cc1plus: warning: /include: No such file or directory [-Wmissing-include-dirs]
cc1plus: warning: /include: No such file or directory [-Wmissing-include-dirs]
cc1plus: warning: /include: No such file or directory [-Wmissing-include-dirs]
cc1plus: warning: /include: No such file or directory [-Wmissing-include-dirs]
cc1plus: warning: /include: No such file or directory [-Wmissing-include-dirs]
cc1plus: warning: /include: No such file or directory [-Wmissing-include-dirs]
cc1plus: warning: /include: No such file or directory [-Wmissing-include-dirs]
cc1plus: warning: /include: No such file or directory [-Wmissing-include-dirs]
cc1plus: warning: /include: No such file or directory [-Wmissing-include-dirs]
cc1plus: warning: /include: No such file or directory [-Wmissing-include-dirs]
cc1plus: warning: /include: No such file or directory [-Wmissing-include-dirs]
cc1plus: warning: /include: No such file or directory [-Wmissing-include-dirs]
cc1plus: warning: /include: No such file or directory [-Wmissing-include-dirs]
cc1plus: warning: /include: No such file or directory [-Wmissing-include-dirs]
cc1plus: warning: /include: No such file or directory [-Wmissing-include-dirs]
cc1plus: warning: /include: No such file or directory [-Wmissing-include-dirs]
cc1plus: warning: /include: No such file or directory [-Wmissing-include-dirs]
cc1plus: warning: /include: No such file or directory [-Wmissing-include-dirs]
cc1plus: warning: /include: No such file or directory [-Wmissing-include-dirs]
cc1plus: warning: /include: No such file or directory [-Wmissing-include-dirs]
cc1plus: warning: /include: No such file or directory [-Wmissing-include-dirs]
cc1plus: warning: /include: No such file or directory [-Wmissing-include-dirs]
cc1plus: warning: /include: No such file or directory [-Wmissing-include-dirs]
cc1plus: warning: /include: No such file or directory [-Wmissing-include-dirs]
cc1plus: warning: /include: No such file or directory [-Wmissing-include-dirs]
cc1plus: warning: /include: No such file or directory [-Wmissing-include-dirs]
cc1plus: warning: /include: No such file or directory [-Wmissing-include-dirs]
cc1plus: warning: /include: No such file or directory [-Wmissing-include-dirs]
cc1plus: warning: /include: No such file or directory [-Wmissing-include-dirs]
cc1plus: warning: /include: No such file or directory [-Wmissing-include-dirs]
cc1plus: warning: /include: No such file or directory [-Wmissing-include-dirs]
cc1plus: warning: /include: No such file or directory [-Wmissing-include-dirs]
cc1plus: warning: /include: No such file or directory [-Wmissing-include-dirs]
cc1plus: warning: /include: No such file or directory [-Wmissing-include-dirs]
cc1plus: warning: /include: No such file or directory [-Wmissing-include-dirs]
cc1plus: warning: /include: No such file or directory [-Wmissing-include-dirs]
cc1plus: warning: /include: No such file or directory [-Wmissing-include-dirs]
cc1plus: warning: /include: No such file or directory [-Wmissing-include-dirs]
cc1plus: warning: /include: No such file or directory [-Wmissing-include-dirs]
cc1plus: warning: /include: No such file or directory [-Wmissing-include-dirs]
cc1plus: warning: /include: No such file or directory [-Wmissing-include-dirs]
cc1plus: warning: /include: No such file or directory [-Wmissing-include-dirs]
cc1plus: warning: /include: No such file or directory [-Wmissing-include-dirs]
cc1plus: warning: /include: No such file or directory [-Wmissing-include-dirs]
cc1plus: warning: /include: No such file or directory [-Wmissing-include-dirs]
cc1plus: warning: /include: No such file or directory [-Wmissing-include-dirs]
cc1plus: warning: /include: No such file or directory [-Wmissing-include-dirs]
cc1plus: warning: /include: No such file or directory [-Wmissing-include-dirs]
cc1plus: warning: /include: No such file or directory [-Wmissing-include-dirs]
cc1plus: warning: /include: No such file or directory [-Wmissing-include-dirs]
cc1plus: warning: /include: No such file or directory [-Wmissing-include-dirs]
cc1plus: warning: /include: No such file or directory [-Wmissing-include-dirs]
cc1plus: warning: /include: No such file or directory [-Wmissing-include-dirs]
cc1plus: warning: /include: No such file or directory [-Wmissing-include-dirs]
cc1plus: warning: /include: No such file or directory [-Wmissing-include-dirs]
cc1plus: warning: /include: No such file or directory [-Wmissing-include-dirs]
cc1plus: warning: /include: No such file or directory [-Wmissing-include-dirs]
cc1plus: warning: /include: No such file or directory [-Wmissing-include-dirs]
cc1plus: warning: /include: No such file or directory [-Wmissing-include-dirs]
cc1plus: warning: /include: No such file or directory [-Wmissing-include-dirs]
cc1plus: warning: /include: No such file or directory [-Wmissing-include-dirs]
cc1plus: warning: /include: No such file or directory [-Wmissing-include-dirs]
cc1plus: warning: /include: No such file or directory [-Wmissing-include-dirs]
cc1plus: warning: /include: No such file or directory [-Wmissing-include-dirs]
cc1plus: warning: /include: No such file or directory [-Wmissing-include-dirs]
cc1plus: warning: /include: No such file or directory [-Wmissing-include-dirs]
cc1plus: warning: /include: No such file or directory [-Wmissing-include-dirs]
cc1plus: warning: /include: No such file or directory [-Wmissing-include-dirs]
cc1plus: warning: /include: No such file or directory [-Wmissing-include-dirs]
cc1plus: warning: /include: No such file or directory [-Wmissing-include-dirs]
cc1plus: warning: /include: No such file or directory [-Wmissing-include-dirs]
cc1plus: warning: /include: No such file or directory [-Wmissing-include-dirs]
cc1plus: warning: /include: No such file or directory [-Wmissing-include-dirs]
cc1plus: warning: /include: No such file or directory [-Wmissing-include-dirs]
cc1plus: warning: /include: No such file or directory [-Wmissing-include-dirs]
cc1plus: warning: /include: No such file or directory [-Wmissing-include-dirs]
cc1plus: warning: /include: No such file or directory [-Wmissing-include-dirs]
cc1plus: warning: /include: No such file or directory [-Wmissing-include-dirs]
cc1plus: warning: /include: No such file or directory [-Wmissing-include-dirs]
cc1plus: warning: /include: No such file or directory [-Wmissing-include-dirs]
cc1plus: warning: /include: No such file or directory [-Wmissing-include-dirs]
cc1plus: warning: /include: No such file or directory [-Wmissing-include-dirs]
cc1plus: warning: /include: No such file or directory [-Wmissing-include-dirs]
cc1plus: warning: /include: No such file or directory [-Wmissing-include-dirs]
cc1plus: warning: /include: No such file or directory [-Wmissing-include-dirs]
cc1plus: warning: /include: No such file or directory [-Wmissing-include-dirs]
/Users/runner/work/thornado/thornado/SandBox/AMReX/Modules/Library/MaskModule_fi.cpp: In function 'void amrex_fi_createfinemask_thornado(amrex::iMultiFab*&, const amrex::BoxArray&, const amrex::DistributionMapping&, const amrex::BoxArray&, int, int, int, const amrex::Geometry*)':
/Users/runner/work/thornado/thornado/SandBox/AMReX/Modules/Library/MaskModule_fi.cpp:18:21: warning: the compiler can assume that the address of 'CrseBA' will never be NULL [-Waddress]
   18 |         if( &CrseBA == NULL )
      |                     ^
/Users/runner/work/thornado/thornado/SandBox/AMReX/Modules/Library/MaskModule_fi.cpp:10:25: note: 'CrseBA' declared here
   10 |         const BoxArray& CrseBA,
      |         ~~~~~~~~~~~~~~~~^~~~~~
/Users/runner/work/thornado/thornado/SandBox/AMReX/Modules/Library/MaskModule_fi.cpp:23:21: warning: the compiler can assume that the address of 'FineBA' will never be NULL [-Waddress]
   23 |         if( &FineBA == NULL )
      |                     ^
/Users/runner/work/thornado/thornado/SandBox/AMReX/Modules/Library/MaskModule_fi.cpp:12:25: note: 'FineBA' declared here
   12 |         const BoxArray& FineBA,
      |         ~~~~~~~~~~~~~~~~^~~~~~
/Users/runner/work/thornado/thornado/SandBox/AMReX/Modules/Library/MaskModule_fi.cpp:18:9: warning: 'nonnull' argument 'CrseBA' compared to NULL [-Wnonnull-compare]
   18 |         if( &CrseBA == NULL )
      |         ^~
/Users/runner/work/thornado/thornado/SandBox/AMReX/Modules/Library/MaskModule_fi.cpp:23:9: warning: 'nonnull' argument 'FineBA' compared to NULL [-Wnonnull-compare]
   23 |         if( &FineBA == NULL )
      |         ^~
cc1plus: warning: /include: No such file or directory [-Wmissing-include-dirs]
cc1plus: warning: /include: No such file or directory [-Wmissing-include-dirs]
f951: Warning: Nonexistent include directory '/include' [-Wmissing-include-dirs]
f951: Warning: Nonexistent include directory '/include' [-Wmissing-include-dirs]
f951: Warning: Nonexistent include directory '/include' [-Wmissing-include-dirs]
f951: Warning: Nonexistent include directory '/include' [-Wmissing-include-dirs]
f951: Warning: Nonexistent include directory '/include' [-Wmissing-include-dirs]
f951: Warning: Nonexistent include directory '/include' [-Wmissing-include-dirs]
f951: Warning: Nonexistent include directory '/include' [-Wmissing-include-dirs]
/Users/runner/work/thornado/thornado/Modules/Library/UtilitiesModule.F90:344:2:

  344 |   FUNCTION MinMod2_Vector( a, b ) &
      |  ^
Warning: 'minmod2_vector' defined but not used [-Wunused-function]
/Users/runner/work/thornado/thornado/Modules/Library/UtilitiesModule.F90:392:2:

  392 |   FUNCTION MinMod_Vector( a, b, c ) &
      |  ^
Warning: 'minmod_vector' defined but not used [-Wunused-function]
f951: Warning: Nonexistent include directory '/include' [-Wmissing-include-dirs]
f951: Warning: Nonexistent include directory '/include' [-Wmissing-include-dirs]
f951: Warning: Nonexistent include directory '/include' [-Wmissing-include-dirs]
f951: Warning: Nonexistent include directory '/include' [-Wmissing-include-dirs]
f951: Warning: Nonexistent include directory '/include' [-Wmissing-include-dirs]
f951: Warning: Nonexistent include directory '/include' [-Wmissing-include-dirs]
f951: Warning: Nonexistent include directory '/include' [-Wmissing-include-dirs]
f951: Warning: Nonexistent include directory '/include' [-Wmissing-include-dirs]
f951: Warning: Nonexistent include directory '/include' [-Wmissing-include-dirs]
f951: Warning: Nonexistent include directory '/include' [-Wmissing-include-dirs]
f951: Warning: Nonexistent include directory '/include' [-Wmissing-include-dirs]
f951: Warning: Nonexistent include directory '/include' [-Wmissing-include-dirs]
f951: Warning: Nonexistent include directory '/include' [-Wmissing-include-dirs]
f951: Warning: Nonexistent include directory '/include' [-Wmissing-include-dirs]
f951: Warning: Nonexistent include directory '/include' [-Wmissing-include-dirs]
f951: Warning: Nonexistent include directory '/include' [-Wmissing-include-dirs]
f951: Warning: Nonexistent include directory '/include' [-Wmissing-include-dirs]
f951: Warning: Nonexistent include directory '/include' [-Wmissing-include-dirs]
f951: Warning: Nonexistent include directory '/include' [-Wmissing-include-dirs]
f951: Warning: Nonexistent include directory '/include' [-Wmissing-include-dirs]
f951: Warning: Nonexistent include directory '/include' [-Wmissing-include-dirs]
f951: Warning: Nonexistent include directory '/include' [-Wmissing-include-dirs]
f951: Warning: Nonexistent include directory '/include' [-Wmissing-include-dirs]
f951: Warning: Nonexistent include directory '/include' [-Wmissing-include-dirs]
f951: Warning: Nonexistent include directory '/include' [-Wmissing-include-dirs]
f951: Warning: Nonexistent include directory '/include' [-Wmissing-include-dirs]
f951: Warning: Nonexistent include directory '/include' [-Wmissing-include-dirs]
f951: Warning: Nonexistent include directory '/include' [-Wmissing-include-dirs]
f951: Warning: Nonexistent include directory '/include' [-Wmissing-include-dirs]
f951: Warning: Nonexistent include directory '/include' [-Wmissing-include-dirs]
/Users/runner/work/thornado/thornado/SandBox/AMReX/Modules/Library/MaskModule.f90:277:28:

  277 |   SUBROUTINE CreatePointMask( iLevel, iMF_PointMask, BA, DM )
      |                            ^
Warning: 'createpointmask' defined but not used [-Wunused-function]
/Users/runner/work/thornado/thornado/SandBox/AMReX/Modules/Library/MaskModule.f90:297:29:

  297 |   SUBROUTINE DestroyPointMask( iMF_PointMask )
      |                             ^
Warning: 'destroypointmask' defined but not used [-Wunused-function]
f951: Warning: Nonexistent include directory '/include' [-Wmissing-include-dirs]
f951: Warning: Nonexistent include directory '/include' [-Wmissing-include-dirs]
f951: Warning: Nonexistent include directory '/include' [-Wmissing-include-dirs]
f951: Warning: Nonexistent include directory '/include' [-Wmissing-include-dirs]
f951: Warning: Nonexistent include directory '/include' [-Wmissing-include-dirs]
f951: Warning: Nonexistent include directory '/include' [-Wmissing-include-dirs]
f951: Warning: Nonexistent include directory '/include' [-Wmissing-include-dirs]
f951: Warning: Nonexistent include directory '/include' [-Wmissing-include-dirs]
f951: Warning: Nonexistent include directory '/include' [-Wmissing-include-dirs]
f951: Warning: Nonexistent include directory '/include' [-Wmissing-include-dirs]
f951: Warning: Nonexistent include directory '/include' [-Wmissing-include-dirs]
f951: Warning: Nonexistent include directory '/include' [-Wmissing-include-dirs]
f951: Warning: Nonexistent include directory '/include' [-Wmissing-include-dirs]
f951: Warning: Nonexistent include directory '/include' [-Wmissing-include-dirs]
f951: Warning: Nonexistent include directory '/include' [-Wmissing-include-dirs]
/Users/runner/work/thornado/thornado/Modules/Library/PolynomialBasisModule_Lagrange.f90:209:57:

  209 |     REAL(DP), DIMENSION(1:nNodesE,   1:nNodesE)    :: M_E
      |                                                         1
Warning: Unused variable 'm_e' declared at (1) [-Wunused-variable]
/Users/runner/work/thornado/thornado/Modules/Library/PolynomialBasisModule_Lagrange.f90:210:58:

  210 |     REAL(DP), DIMENSION(1:nNodesX(1),1:nNodesX(1)) :: M_X1
      |                                                          1
Warning: Unused variable 'm_x1' declared at (1) [-Wunused-variable]
/Users/runner/work/thornado/thornado/Modules/Library/PolynomialBasisModule_Lagrange.f90:211:58:

  211 |     REAL(DP), DIMENSION(1:nNodesX(2),1:nNodesX(2)) :: M_X2
      |                                                          1
Warning: Unused variable 'm_x2' declared at (1) [-Wunused-variable]
/Users/runner/work/thornado/thornado/Modules/Library/PolynomialBasisModule_Lagrange.f90:212:58:

  212 |     REAL(DP), DIMENSION(1:nNodesX(3),1:nNodesX(3)) :: M_X3
      |                                                          1
Warning: Unused variable 'm_x3' declared at (1) [-Wunused-variable]
f951: Warning: Nonexistent include directory '/include' [-Wmissing-include-dirs]
f951: Warning: Nonexistent include directory '/include' [-Wmissing-include-dirs]
f951: Warning: Nonexistent include directory '/include' [-Wmissing-include-dirs]
f951: Warning: Nonexistent include directory '/include' [-Wmissing-include-dirs]
f951: Warning: Nonexistent include directory '/include' [-Wmissing-include-dirs]
f951: Warning: Nonexistent include directory '/include' [-Wmissing-include-dirs]
f951: Warning: Nonexistent include directory '/include' [-Wmissing-include-dirs]
f951: Warning: Nonexistent include directory '/include' [-Wmissing-include-dirs]
f951: Warning: Nonexistent include directory '/include' [-Wmissing-include-dirs]
f951: Warning: Nonexistent include directory '/include' [-Wmissing-include-dirs]
f951: Warning: Nonexistent include directory '/include' [-Wmissing-include-dirs]
f951: Warning: Nonexistent include directory '/include' [-Wmissing-include-dirs]
f951: Warning: Nonexistent include directory '/include' [-Wmissing-include-dirs]
f951: Warning: Nonexistent include directory '/include' [-Wmissing-include-dirs]
/Users/runner/work/thornado/thornado/Modules/EquationOfState/EquationOfStateModule_TABLE.F90:66:7:

   66 |     D_T, T_T, Y_T
      |       1
Warning: Unused PRIVATE module variable 'd_t' declared at (1) [-Wunused-value]
/Users/runner/work/thornado/thornado/Modules/EquationOfState/EquationOfStateModule_TABLE.F90:53:8:

   53 |     iD_T, iT_T, iY_T, &
      |        1
Warning: Unused PRIVATE module variable 'id_t' declared at (1) [-Wunused-value]
/Users/runner/work/thornado/thornado/Modules/EquationOfState/EquationOfStateModule_TABLE.F90:54:20:

   54 |     iP_T, iS_T, iE_T, iMe_T, iMp_T, iMn_T, &
      |                    1
Warning: Unused PRIVATE module variable 'ie_t' declared at (1) [-Wunused-value]
/Users/runner/work/thornado/thornado/Modules/EquationOfState/EquationOfStateModule_TABLE.F90:55:37:

   55 |     iXp_T, iXn_T, iXa_T, iXh_T, iGm_T
      |                                     1
Warning: Unused PRIVATE module variable 'igm_t' declared at (1) [-Wunused-value]
/Users/runner/work/thornado/thornado/Modules/EquationOfState/EquationOfStateModule_TABLE.F90:54:27:

   54 |     iP_T, iS_T, iE_T, iMe_T, iMp_T, iMn_T, &
      |                           1
Warning: Unused PRIVATE module variable 'ime_t' declared at (1) [-Wunused-value]
/Users/runner/work/thornado/thornado/Modules/EquationOfState/EquationOfStateModule_TABLE.F90:54:41:

   54 |     iP_T, iS_T, iE_T, iMe_T, iMp_T, iMn_T, &
      |                                         1
Warning: Unused PRIVATE module variable 'imn_t' declared at (1) [-Wunused-value]
/Users/runner/work/thornado/thornado/Modules/EquationOfState/EquationOfStateModule_TABLE.F90:54:34:

   54 |     iP_T, iS_T, iE_T, iMe_T, iMp_T, iMn_T, &
      |                                  1
Warning: Unused PRIVATE module variable 'imp_t' declared at (1) [-Wunused-value]
/Users/runner/work/thornado/thornado/Modules/EquationOfState/EquationOfStateModule_TABLE.F90:54:8:

   54 |     iP_T, iS_T, iE_T, iMe_T, iMp_T, iMn_T, &
      |        1
Warning: Unused PRIVATE module variable 'ip_t' declared at (1) [-Wunused-value]
/Users/runner/work/thornado/thornado/Modules/EquationOfState/EquationOfStateModule_TABLE.F90:54:14:

   54 |     iP_T, iS_T, iE_T, iMe_T, iMp_T, iMn_T, &
      |              1
Warning: Unused PRIVATE module variable 'is_t' declared at (1) [-Wunused-value]
/Users/runner/work/thornado/thornado/Modules/EquationOfState/EquationOfStateModule_TABLE.F90:53:14:

   53 |     iD_T, iT_T, iY_T, &
      |              1
Warning: Unused PRIVATE module variable 'it_t' declared at (1) [-Wunused-value]
/Users/runner/work/thornado/thornado/Modules/EquationOfState/EquationOfStateModule_TABLE.F90:55:23:

   55 |     iXp_T, iXn_T, iXa_T, iXh_T, iGm_T
      |                       1
Warning: Unused PRIVATE module variable 'ixa_t' declared at (1) [-Wunused-value]
/Users/runner/work/thornado/thornado/Modules/EquationOfState/EquationOfStateModule_TABLE.F90:55:30:

   55 |     iXp_T, iXn_T, iXa_T, iXh_T, iGm_T
      |                              1
Warning: Unused PRIVATE module variable 'ixh_t' declared at (1) [-Wunused-value]
/Users/runner/work/thornado/thornado/Modules/EquationOfState/EquationOfStateModule_TABLE.F90:55:16:

   55 |     iXp_T, iXn_T, iXa_T, iXh_T, iGm_T
      |                1
Warning: Unused PRIVATE module variable 'ixn_t' declared at (1) [-Wunused-value]
/Users/runner/work/thornado/thornado/Modules/EquationOfState/EquationOfStateModule_TABLE.F90:55:9:

   55 |     iXp_T, iXn_T, iXa_T, iXh_T, iGm_T
      |         1
Warning: Unused PRIVATE module variable 'ixp_t' declared at (1) [-Wunused-value]
/Users/runner/work/thornado/thornado/Modules/EquationOfState/EquationOfStateModule_TABLE.F90:53:20:

   53 |     iD_T, iT_T, iY_T, &
      |                    1
Warning: Unused PRIVATE module variable 'iy_t' declared at (1) [-Wunused-value]
/Users/runner/work/thornado/thornado/Modules/EquationOfState/EquationOfStateModule_TABLE.F90:66:12:

   66 |     D_T, T_T, Y_T
      |            1
Warning: Unused PRIVATE module variable 't_t' declared at (1) [-Wunused-value]
/Users/runner/work/thornado/thornado/Modules/EquationOfState/EquationOfStateModule_TABLE.F90:57:9:

   57 |     UnitD, UnitT, UnitY, &
      |         1
Warning: Unused PRIVATE module variable 'unitd' declared at (1) [-Wunused-value]
/Users/runner/work/thornado/thornado/Modules/EquationOfState/EquationOfStateModule_TABLE.F90:57:16:

   57 |     UnitD, UnitT, UnitY, &
      |                1
Warning: Unused PRIVATE module variable 'unitt' declared at (1) [-Wunused-value]
/Users/runner/work/thornado/thornado/Modules/EquationOfState/EquationOfStateModule_TABLE.F90:57:23:

   57 |     UnitD, UnitT, UnitY, &
      |                       1
Warning: Unused PRIVATE module variable 'unity' declared at (1) [-Wunused-value]
/Users/runner/work/thornado/thornado/Modules/EquationOfState/EquationOfStateModule_TABLE.F90:66:17:

   66 |     D_T, T_T, Y_T
      |                 1
Warning: Unused PRIVATE module variable 'y_t' declared at (1) [-Wunused-value]
/Users/runner/work/thornado/thornado/Modules/EquationOfState/EquationOfStateModule_TABLE.F90:2215:19:

 2215 |     REAL(DP) :: D_P, T_P, Y_P, V_P, dV_P(3)
      |                   1
Warning: Unused variable 'd_p' declared at (1) [-Wunused-variable]
/Users/runner/work/thornado/thornado/Modules/EquationOfState/EquationOfStateModule_TABLE.F90:2215:43:

 2215 |     REAL(DP) :: D_P, T_P, Y_P, V_P, dV_P(3)
      |                                           1
Warning: Unused variable 'dv_p' declared at (1) [-Wunused-variable]
/Users/runner/work/thornado/thornado/Modules/EquationOfState/EquationOfStateModule_TABLE.F90:2215:24:

 2215 |     REAL(DP) :: D_P, T_P, Y_P, V_P, dV_P(3)
      |                        1
Warning: Unused variable 't_p' declared at (1) [-Wunused-variable]
/Users/runner/work/thornado/thornado/Modules/EquationOfState/EquationOfStateModule_TABLE.F90:2215:34:

 2215 |     REAL(DP) :: D_P, T_P, Y_P, V_P, dV_P(3)
      |                                  1
Warning: Unused variable 'v_p' declared at (1) [-Wunused-variable]
/Users/runner/work/thornado/thornado/Modules/EquationOfState/EquationOfStateModule_TABLE.F90:2215:29:

 2215 |     REAL(DP) :: D_P, T_P, Y_P, V_P, dV_P(3)
      |                             1
Warning: Unused variable 'y_p' declared at (1) [-Wunused-variable]
/Users/runner/work/thornado/thornado/Modules/EquationOfState/EquationOfStateModule_TABLE.F90:2148:19:

 2148 |     REAL(DP) :: D_P, T_P, Y_P, V_P
      |                   1
Warning: Unused variable 'd_p' declared at (1) [-Wunused-variable]
/Users/runner/work/thornado/thornado/Modules/EquationOfState/EquationOfStateModule_TABLE.F90:2148:24:

 2148 |     REAL(DP) :: D_P, T_P, Y_P, V_P
      |                        1
Warning: Unused variable 't_p' declared at (1) [-Wunused-variable]
/Users/runner/work/thornado/thornado/Modules/EquationOfState/EquationOfStateModule_TABLE.F90:2148:34:

 2148 |     REAL(DP) :: D_P, T_P, Y_P, V_P
      |                                  1
Warning: Unused variable 'v_p' declared at (1) [-Wunused-variable]
/Users/runner/work/thornado/thornado/Modules/EquationOfState/EquationOfStateModule_TABLE.F90:2148:29:

 2148 |     REAL(DP) :: D_P, T_P, Y_P, V_P
      |                             1
Warning: Unused variable 'y_p' declared at (1) [-Wunused-variable]
/Users/runner/work/thornado/thornado/Modules/EquationOfState/EquationOfStateModule_TABLE.F90:2117:19:

 2117 |     REAL(DP) :: D_P, T_P, Y_P, V_P
      |                   1
Warning: Unused variable 'd_p' declared at (1) [-Wunused-variable]
/Users/runner/work/thornado/thornado/Modules/EquationOfState/EquationOfStateModule_TABLE.F90:2117:24:

 2117 |     REAL(DP) :: D_P, T_P, Y_P, V_P
      |                        1
Warning: Unused variable 't_p' declared at (1) [-Wunused-variable]
/Users/runner/work/thornado/thornado/Modules/EquationOfState/EquationOfStateModule_TABLE.F90:2117:34:

 2117 |     REAL(DP) :: D_P, T_P, Y_P, V_P
      |                                  1
Warning: Unused variable 'v_p' declared at (1) [-Wunused-variable]
/Users/runner/work/thornado/thornado/Modules/EquationOfState/EquationOfStateModule_TABLE.F90:2117:29:

 2117 |     REAL(DP) :: D_P, T_P, Y_P, V_P
      |                             1
Warning: Unused variable 'y_p' declared at (1) [-Wunused-variable]
/Users/runner/work/thornado/thornado/Modules/EquationOfState/EquationOfStateModule_TABLE.F90:2035:19:

 2035 |     REAL(DP) :: D_P, T_P, Y_P
      |                   1
Warning: Unused variable 'd_p' declared at (1) [-Wunused-variable]
/Users/runner/work/thornado/thornado/Modules/EquationOfState/EquationOfStateModule_TABLE.F90:2037:18:

 2037 |     REAL(DP) :: dD, dT, dY
      |                  1
Warning: Unused variable 'dd' declared at (1) [-Wunused-variable]
/Users/runner/work/thornado/thornado/Modules/EquationOfState/EquationOfStateModule_TABLE.F90:2037:22:

 2037 |     REAL(DP) :: dD, dT, dY
      |                      1
Warning: Unused variable 'dt' declared at (1) [-Wunused-variable]
/Users/runner/work/thornado/thornado/Modules/EquationOfState/EquationOfStateModule_TABLE.F90:2037:26:

 2037 |     REAL(DP) :: dD, dT, dY
      |                          1
Warning: Unused variable 'dy' declared at (1) [-Wunused-variable]
/Users/runner/work/thornado/thornado/Modules/EquationOfState/EquationOfStateModule_TABLE.F90:2036:18:

 2036 |     INTEGER  :: iD, iT, iY
      |                  1
Warning: Unused variable 'id' declared at (1) [-Wunused-variable]
/Users/runner/work/thornado/thornado/Modules/EquationOfState/EquationOfStateModule_TABLE.F90:2036:22:

 2036 |     INTEGER  :: iD, iT, iY
      |                      1
Warning: Unused variable 'it' declared at (1) [-Wunused-variable]
/Users/runner/work/thornado/thornado/Modules/EquationOfState/EquationOfStateModule_TABLE.F90:2036:26:

 2036 |     INTEGER  :: iD, iT, iY
      |                          1
Warning: Unused variable 'iy' declared at (1) [-Wunused-variable]
/Users/runner/work/thornado/thornado/Modules/EquationOfState/EquationOfStateModule_TABLE.F90:2038:18:

 2038 |     REAL(DP) :: Me, Mp, Mn
      |                  1
Warning: Unused variable 'me' declared at (1) [-Wunused-variable]
/Users/runner/work/thornado/thornado/Modules/EquationOfState/EquationOfStateModule_TABLE.F90:2038:26:

 2038 |     REAL(DP) :: Me, Mp, Mn
      |                          1
Warning: Unused variable 'mn' declared at (1) [-Wunused-variable]
/Users/runner/work/thornado/thornado/Modules/EquationOfState/EquationOfStateModule_TABLE.F90:2038:22:

 2038 |     REAL(DP) :: Me, Mp, Mn
      |                      1
Warning: Unused variable 'mp' declared at (1) [-Wunused-variable]
/Users/runner/work/thornado/thornado/Modules/EquationOfState/EquationOfStateModule_TABLE.F90:2035:24:

 2035 |     REAL(DP) :: D_P, T_P, Y_P
      |                        1
Warning: Unused variable 't_p' declared at (1) [-Wunused-variable]
/Users/runner/work/thornado/thornado/Modules/EquationOfState/EquationOfStateModule_TABLE.F90:2035:29:

 2035 |     REAL(DP) :: D_P, T_P, Y_P
      |                             1
Warning: Unused variable 'y_p' declared at (1) [-Wunused-variable]
/Users/runner/work/thornado/thornado/Modules/EquationOfState/EquationOfStateModule_TABLE.F90:1994:19:

 1994 |     REAL(DP) :: D_P, T_P, Y_P
      |                   1
Warning: Unused variable 'd_p' declared at (1) [-Wunused-variable]
/Users/runner/work/thornado/thornado/Modules/EquationOfState/EquationOfStateModule_TABLE.F90:1996:18:

 1996 |     REAL(DP) :: dD, dT, dY
      |                  1
Warning: Unused variable 'dd' declared at (1) [-Wunused-variable]
/Users/runner/work/thornado/thornado/Modules/EquationOfState/EquationOfStateModule_TABLE.F90:1996:22:

 1996 |     REAL(DP) :: dD, dT, dY
      |                      1
Warning: Unused variable 'dt' declared at (1) [-Wunused-variable]
/Users/runner/work/thornado/thornado/Modules/EquationOfState/EquationOfStateModule_TABLE.F90:1996:26:

 1996 |     REAL(DP) :: dD, dT, dY
      |                          1
Warning: Unused variable 'dy' declared at (1) [-Wunused-variable]
/Users/runner/work/thornado/thornado/Modules/EquationOfState/EquationOfStateModule_TABLE.F90:1995:18:

 1995 |     INTEGER  :: iD, iT, iY
      |                  1
Warning: Unused variable 'id' declared at (1) [-Wunused-variable]
/Users/runner/work/thornado/thornado/Modules/EquationOfState/EquationOfStateModule_TABLE.F90:1995:22:

 1995 |     INTEGER  :: iD, iT, iY
      |                      1
Warning: Unused variable 'it' declared at (1) [-Wunused-variable]
/Users/runner/work/thornado/thornado/Modules/EquationOfState/EquationOfStateModule_TABLE.F90:1995:26:

 1995 |     INTEGER  :: iD, iT, iY
      |                          1
Warning: Unused variable 'iy' declared at (1) [-Wunused-variable]
/Users/runner/work/thornado/thornado/Modules/EquationOfState/EquationOfStateModule_TABLE.F90:1997:18:

 1997 |     REAL(DP) :: Me, Mp, Mn
      |                  1
Warning: Unused variable 'me' declared at (1) [-Wunused-variable]
/Users/runner/work/thornado/thornado/Modules/EquationOfState/EquationOfStateModule_TABLE.F90:1997:26:

 1997 |     REAL(DP) :: Me, Mp, Mn
      |                          1
Warning: Unused variable 'mn' declared at (1) [-Wunused-variable]
/Users/runner/work/thornado/thornado/Modules/EquationOfState/EquationOfStateModule_TABLE.F90:1997:22:

 1997 |     REAL(DP) :: Me, Mp, Mn
      |                      1
Warning: Unused variable 'mp' declared at (1) [-Wunused-variable]
/Users/runner/work/thornado/thornado/Modules/EquationOfState/EquationOfStateModule_TABLE.F90:1994:24:

 1994 |     REAL(DP) :: D_P, T_P, Y_P
      |                        1
Warning: Unused variable 't_p' declared at (1) [-Wunused-variable]
/Users/runner/work/thornado/thornado/Modules/EquationOfState/EquationOfStateModule_TABLE.F90:1994:29:

 1994 |     REAL(DP) :: D_P, T_P, Y_P
      |                             1
Warning: Unused variable 'y_p' declared at (1) [-Wunused-variable]
/Users/runner/work/thornado/thornado/Modules/EquationOfState/EquationOfStateModule_TABLE.F90:1085:19:

 1085 |     REAL(DP) :: D_P, E_P, Y_P
      |                   1
Warning: Unused variable 'd_p' declared at (1) [-Wunused-variable]
/Users/runner/work/thornado/thornado/Modules/EquationOfState/EquationOfStateModule_TABLE.F90:1085:24:

 1085 |     REAL(DP) :: D_P, E_P, Y_P
      |                        1
Warning: Unused variable 'e_p' declared at (1) [-Wunused-variable]
/Users/runner/work/thornado/thornado/Modules/EquationOfState/EquationOfStateModule_TABLE.F90:1084:37:

 1084 |     INTEGER :: iP, nP, Error(SIZE(D))
      |                                     1
Warning: Unused variable 'error' declared at (1) [-Wunused-variable]
/Users/runner/work/thornado/thornado/Modules/EquationOfState/EquationOfStateModule_TABLE.F90:1084:17:

 1084 |     INTEGER :: iP, nP, Error(SIZE(D))
      |                 1
Warning: Unused variable 'ip' declared at (1) [-Wunused-variable]
/Users/runner/work/thornado/thornado/Modules/EquationOfState/EquationOfStateModule_TABLE.F90:1084:21:

 1084 |     INTEGER :: iP, nP, Error(SIZE(D))
      |                     1
Warning: Unused variable 'np' declared at (1) [-Wunused-variable]
/Users/runner/work/thornado/thornado/Modules/EquationOfState/EquationOfStateModule_TABLE.F90:1085:29:

 1085 |     REAL(DP) :: D_P, E_P, Y_P
      |                             1
Warning: Unused variable 'y_p' declared at (1) [-Wunused-variable]
/Users/runner/work/thornado/thornado/Modules/EquationOfState/EquationOfStateModule_TABLE.F90:985:17:

  985 |     INTEGER :: iP, nP
      |                 1
Warning: Unused variable 'ip' declared at (1) [-Wunused-variable]
/Users/runner/work/thornado/thornado/Modules/EquationOfState/EquationOfStateModule_TABLE.F90:985:21:

  985 |     INTEGER :: iP, nP
      |                     1
Warning: Unused variable 'np' declared at (1) [-Wunused-variable]
/Users/runner/work/thornado/thornado/Modules/EquationOfState/EquationOfStateModule_TABLE.F90:961:19:

  961 |     REAL(DP) :: D_P, P_P, Y_P, T_P
      |                   1
Warning: Unused variable 'd_p' declared at (1) [-Wunused-variable]
/Users/runner/work/thornado/thornado/Modules/EquationOfState/EquationOfStateModule_TABLE.F90:960:21:

  960 |     INTEGER  :: Error
      |                     1
Warning: Unused variable 'error' declared at (1) [-Wunused-variable]
/Users/runner/work/thornado/thornado/Modules/EquationOfState/EquationOfStateModule_TABLE.F90:961:24:

  961 |     REAL(DP) :: D_P, P_P, Y_P, T_P
      |                        1
Warning: Unused variable 'p_p' declared at (1) [-Wunused-variable]
/Users/runner/work/thornado/thornado/Modules/EquationOfState/EquationOfStateModule_TABLE.F90:961:34:

  961 |     REAL(DP) :: D_P, P_P, Y_P, T_P
      |                                  1
Warning: Unused variable 't_p' declared at (1) [-Wunused-variable]
/Users/runner/work/thornado/thornado/Modules/EquationOfState/EquationOfStateModule_TABLE.F90:961:29:

  961 |     REAL(DP) :: D_P, P_P, Y_P, T_P
      |                             1
Warning: Unused variable 'y_p' declared at (1) [-Wunused-variable]
/Users/runner/work/thornado/thornado/Modules/EquationOfState/EquationOfStateModule_TABLE.F90:855:19:

  855 |     REAL(DP) :: D_P, E_P, Y_P, T_P, T
      |                   1
Warning: Unused variable 'd_p' declared at (1) [-Wunused-variable]
/Users/runner/work/thornado/thornado/Modules/EquationOfState/EquationOfStateModule_TABLE.F90:855:24:

  855 |     REAL(DP) :: D_P, E_P, Y_P, T_P, T
      |                        1
Warning: Unused variable 'e_p' declared at (1) [-Wunused-variable]
/Users/runner/work/thornado/thornado/Modules/EquationOfState/EquationOfStateModule_TABLE.F90:855:37:

  855 |     REAL(DP) :: D_P, E_P, Y_P, T_P, T
      |                                     1
Warning: Unused variable 't' declared at (1) [-Wunused-variable]
/Users/runner/work/thornado/thornado/Modules/EquationOfState/EquationOfStateModule_TABLE.F90:855:34:

  855 |     REAL(DP) :: D_P, E_P, Y_P, T_P, T
      |                                  1
Warning: Unused variable 't_p' declared at (1) [-Wunused-variable]
/Users/runner/work/thornado/thornado/Modules/EquationOfState/EquationOfStateModule_TABLE.F90:855:29:

  855 |     REAL(DP) :: D_P, E_P, Y_P, T_P, T
      |                             1
Warning: Unused variable 'y_p' declared at (1) [-Wunused-variable]
/Users/runner/work/thornado/thornado/Modules/EquationOfState/EquationOfStateModule_TABLE.F90:699:19:

  699 |     REAL(DP) :: D_P, E_P, Y_P, T_Lookup, T_Guess
      |                   1
Warning: Unused variable 'd_p' declared at (1) [-Wunused-variable]
/Users/runner/work/thornado/thornado/Modules/EquationOfState/EquationOfStateModule_TABLE.F90:699:24:

  699 |     REAL(DP) :: D_P, E_P, Y_P, T_Lookup, T_Guess
      |                        1
Warning: Unused variable 'e_p' declared at (1) [-Wunused-variable]
/Users/runner/work/thornado/thornado/Modules/EquationOfState/EquationOfStateModule_TABLE.F90:697:18:

  697 |     INTEGER  :: iP, nP
      |                  1
Warning: Unused variable 'ip' declared at (1) [-Wunused-variable]
/Users/runner/work/thornado/thornado/Modules/EquationOfState/EquationOfStateModule_TABLE.F90:697:22:

  697 |     INTEGER  :: iP, nP
      |                      1
Warning: Unused variable 'np' declared at (1) [-Wunused-variable]
/Users/runner/work/thornado/thornado/Modules/EquationOfState/EquationOfStateModule_TABLE.F90:699:48:

  699 |     REAL(DP) :: D_P, E_P, Y_P, T_Lookup, T_Guess
      |                                                1
Warning: Unused variable 't_guess' declared at (1) [-Wunused-variable]
/Users/runner/work/thornado/thornado/Modules/EquationOfState/EquationOfStateModule_TABLE.F90:699:39:

  699 |     REAL(DP) :: D_P, E_P, Y_P, T_Lookup, T_Guess
      |                                       1
Warning: Unused variable 't_lookup' declared at (1) [-Wunused-variable]
/Users/runner/work/thornado/thornado/Modules/EquationOfState/EquationOfStateModule_TABLE.F90:699:29:

  699 |     REAL(DP) :: D_P, E_P, Y_P, T_Lookup, T_Guess
      |                             1
Warning: Unused variable 'y_p' declared at (1) [-Wunused-variable]
/Users/runner/work/thornado/thornado/Modules/EquationOfState/EquationOfStateModule_TABLE.F90:671:19:

  671 |     REAL(DP) :: D_P, E_P, Y_P, T_Lookup
      |                   1
Warning: Unused variable 'd_p' declared at (1) [-Wunused-variable]
/Users/runner/work/thornado/thornado/Modules/EquationOfState/EquationOfStateModule_TABLE.F90:671:24:

  671 |     REAL(DP) :: D_P, E_P, Y_P, T_Lookup
      |                        1
Warning: Unused variable 'e_p' declared at (1) [-Wunused-variable]
/Users/runner/work/thornado/thornado/Modules/EquationOfState/EquationOfStateModule_TABLE.F90:671:39:

  671 |     REAL(DP) :: D_P, E_P, Y_P, T_Lookup
      |                                       1
Warning: Unused variable 't_lookup' declared at (1) [-Wunused-variable]
/Users/runner/work/thornado/thornado/Modules/EquationOfState/EquationOfStateModule_TABLE.F90:671:29:

  671 |     REAL(DP) :: D_P, E_P, Y_P, T_Lookup
      |                             1
Warning: Unused variable 'y_p' declared at (1) [-Wunused-variable]
/Users/runner/work/thornado/thornado/Modules/EquationOfState/EquationOfStateModule_TABLE.F90:640:19:

  640 |     REAL(DP) :: D_P, E_P, Y_P, T_Lookup
      |                   1
Warning: Unused variable 'd_p' declared at (1) [-Wunused-variable]
/Users/runner/work/thornado/thornado/Modules/EquationOfState/EquationOfStateModule_TABLE.F90:640:24:

  640 |     REAL(DP) :: D_P, E_P, Y_P, T_Lookup
      |                        1
Warning: Unused variable 'e_p' declared at (1) [-Wunused-variable]
/Users/runner/work/thornado/thornado/Modules/EquationOfState/EquationOfStateModule_TABLE.F90:640:39:

  640 |     REAL(DP) :: D_P, E_P, Y_P, T_Lookup
      |                                       1
Warning: Unused variable 't_lookup' declared at (1) [-Wunused-variable]
/Users/runner/work/thornado/thornado/Modules/EquationOfState/EquationOfStateModule_TABLE.F90:640:29:

  640 |     REAL(DP) :: D_P, E_P, Y_P, T_Lookup
      |                             1
Warning: Unused variable 'y_p' declared at (1) [-Wunused-variable]
/Users/runner/work/thornado/thornado/Modules/EquationOfState/EquationOfStateModule_TABLE.F90:607:19:

  607 |     REAL(DP) :: D_P, E_P, Y_P, T_Lookup, T_Guess
      |                   1
Warning: Unused variable 'd_p' declared at (1) [-Wunused-variable]
/Users/runner/work/thornado/thornado/Modules/EquationOfState/EquationOfStateModule_TABLE.F90:607:24:

  607 |     REAL(DP) :: D_P, E_P, Y_P, T_Lookup, T_Guess
      |                        1
Warning: Unused variable 'e_p' declared at (1) [-Wunused-variable]
/Users/runner/work/thornado/thornado/Modules/EquationOfState/EquationOfStateModule_TABLE.F90:607:48:

  607 |     REAL(DP) :: D_P, E_P, Y_P, T_Lookup, T_Guess
      |                                                1
Warning: Unused variable 't_guess' declared at (1) [-Wunused-variable]
/Users/runner/work/thornado/thornado/Modules/EquationOfState/EquationOfStateModule_TABLE.F90:607:39:

  607 |     REAL(DP) :: D_P, E_P, Y_P, T_Lookup, T_Guess
      |                                       1
Warning: Unused variable 't_lookup' declared at (1) [-Wunused-variable]
/Users/runner/work/thornado/thornado/Modules/EquationOfState/EquationOfStateModule_TABLE.F90:607:29:

  607 |     REAL(DP) :: D_P, E_P, Y_P, T_Lookup, T_Guess
      |                             1
Warning: Unused variable 'y_p' declared at (1) [-Wunused-variable]
/Users/runner/work/thornado/thornado/Modules/EquationOfState/EquationOfStateModule_TABLE.F90:573:19:

  573 |     REAL(DP) :: D_P, E_P, Y_P, T_Lookup, T_Guess
      |                   1
Warning: Unused variable 'd_p' declared at (1) [-Wunused-variable]
/Users/runner/work/thornado/thornado/Modules/EquationOfState/EquationOfStateModule_TABLE.F90:573:24:

  573 |     REAL(DP) :: D_P, E_P, Y_P, T_Lookup, T_Guess
      |                        1
Warning: Unused variable 'e_p' declared at (1) [-Wunused-variable]
/Users/runner/work/thornado/thornado/Modules/EquationOfState/EquationOfStateModule_TABLE.F90:573:48:

  573 |     REAL(DP) :: D_P, E_P, Y_P, T_Lookup, T_Guess
      |                                                1
Warning: Unused variable 't_guess' declared at (1) [-Wunused-variable]
/Users/runner/work/thornado/thornado/Modules/EquationOfState/EquationOfStateModule_TABLE.F90:573:39:

  573 |     REAL(DP) :: D_P, E_P, Y_P, T_Lookup, T_Guess
      |                                       1
Warning: Unused variable 't_lookup' declared at (1) [-Wunused-variable]
/Users/runner/work/thornado/thornado/Modules/EquationOfState/EquationOfStateModule_TABLE.F90:573:29:

  573 |     REAL(DP) :: D_P, E_P, Y_P, T_Lookup, T_Guess
      |                             1
Warning: Unused variable 'y_p' declared at (1) [-Wunused-variable]
f951: Warning: Nonexistent include directory '/include' [-Wmissing-include-dirs]
f951: Warning: Nonexistent include directory '/include' [-Wmissing-include-dirs]
f951: Warning: Nonexistent include directory '/include' [-Wmissing-include-dirs]
f951: Warning: Nonexistent include directory '/include' [-Wmissing-include-dirs]
/Users/runner/work/thornado/thornado/Modules/Library/DeviceModule.F90:274:19:

  274 |     INTEGER :: ierr
      |                   1
Warning: Unused variable 'ierr' declared at (1) [-Wunused-variable]
/Users/runner/work/thornado/thornado/Modules/Library/DeviceModule.F90:146:19:

  146 |     INTEGER :: ierr, myrank, nranks
      |                   1
Warning: Unused variable 'ierr' declared at (1) [-Wunused-variable]
/Users/runner/work/thornado/thornado/Modules/Library/DeviceModule.F90:146:27:

  146 |     INTEGER :: ierr, myrank, nranks
      |                           1
Warning: Unused variable 'myrank' declared at (1) [-Wunused-variable]
/Users/runner/work/thornado/thornado/Modules/Library/DeviceModule.F90:146:35:

  146 |     INTEGER :: ierr, myrank, nranks
      |                                   1
Warning: Unused variable 'nranks' declared at (1) [-Wunused-variable]
f951: Warning: Nonexistent include directory '/include' [-Wmissing-include-dirs]
/Users/runner/work/thornado/thornado/Modules/Library/LinearAlgebraModule.F90:1338:43:

 1338 |     INTEGER                         :: ierr
      |                                           1
Warning: Unused variable 'ierr' declared at (1) [-Wunused-variable]
/Users/runner/work/thornado/thornado/Modules/Library/LinearAlgebraModule.F90:1235:43:

 1235 |     INTEGER                         :: ierr
      |                                           1
Warning: Unused variable 'ierr' declared at (1) [-Wunused-variable]
/Users/runner/work/thornado/thornado/Modules/Library/LinearAlgebraModule.F90:1153:43:

 1153 |     INTEGER                         :: ierr, i
      |                                           1
Warning: Unused variable 'ierr' declared at (1) [-Wunused-variable]
/Users/runner/work/thornado/thornado/Modules/Library/LinearAlgebraModule.F90:1154:49:

 1154 |     INTEGER(C_INT64_T)              :: stridex_64, stridey_64
      |                                                 1
Warning: Unused variable 'stridex_64' declared at (1) [-Wunused-variable]
/Users/runner/work/thornado/thornado/Modules/Library/LinearAlgebraModule.F90:1154:61:

 1154 |     INTEGER(C_INT64_T)              :: stridex_64, stridey_64
      |                                                             1
Warning: Unused variable 'stridey_64' declared at (1) [-Wunused-variable]
/Users/runner/work/thornado/thornado/Modules/Library/LinearAlgebraModule.F90:1006:46:

 1006 |     INTEGER                            :: ierr, max_mn, min_mn
      |                                              1
Warning: Unused variable 'ierr' declared at (1) [-Wunused-variable]
/Users/runner/work/thornado/thornado/Modules/Library/LinearAlgebraModule.F90:943:46:

  943 |     INTEGER                            :: ierr, info, max_mn
      |                                              1
Warning: Unused variable 'ierr' declared at (1) [-Wunused-variable]
/Users/runner/work/thornado/thornado/Modules/Library/LinearAlgebraModule.F90:844:46:

  844 |     INTEGER                            :: ierr, info, i, j, ix
      |                                              1
Warning: Unused variable 'ierr' declared at (1) [-Wunused-variable]
/Users/runner/work/thornado/thornado/Modules/Library/LinearAlgebraModule.F90:844:52:

  844 |     INTEGER                            :: ierr, info, i, j, ix
      |                                                    1
Warning: Unused variable 'info' declared at (1) [-Wunused-variable]
/Users/runner/work/thornado/thornado/Modules/Library/LinearAlgebraModule.F90:838:47:

  838 |     CHARACTER                          :: trans
      |                                               1
Warning: Unused variable 'trans' declared at (1) [-Wunused-variable]
/Users/runner/work/thornado/thornado/Modules/Library/LinearAlgebraModule.F90:750:46:

  750 |     INTEGER                            :: ierr, lenx, leny
      |                                              1
Warning: Unused variable 'ierr' declared at (1) [-Wunused-variable]
/Users/runner/work/thornado/thornado/Modules/Library/LinearAlgebraModule.F90:599:54:

  599 |     INTEGER                                    :: ierr, i, stridea, strideb, strideipiv
      |                                                      1
Warning: Unused variable 'ierr' declared at (1) [-Wunused-variable]
/Users/runner/work/thornado/thornado/Modules/Library/LinearAlgebraModule.F90:601:60:

  601 |     INTEGER(C_INT64_T)                         :: strideP_64
      |                                                            1
Warning: Unused variable 'stridep_64' declared at (1) [-Wunused-variable]
/Users/runner/work/thornado/thornado/Modules/Library/LinearAlgebraModule.F90:471:46:

  471 |     INTEGER                            :: ierr, i
      |                                              1
Warning: Unused variable 'ierr' declared at (1) [-Wunused-variable]
/Users/runner/work/thornado/thornado/Modules/Library/LinearAlgebraModule.F90:473:52:

  473 |     INTEGER(C_INT64_T)                 :: stridea_64, strideb_64, stridec_64
      |                                                    1
Warning: Unused variable 'stridea_64' declared at (1) [-Wunused-variable]
/Users/runner/work/thornado/thornado/Modules/Library/LinearAlgebraModule.F90:474:51:

  474 |     INTEGER(C_LONG_LONG)               :: stridea_l, strideb_l, stridec_l
      |                                                   1
Warning: Unused variable 'stridea_l' declared at (1) [-Wunused-variable]
/Users/runner/work/thornado/thornado/Modules/Library/LinearAlgebraModule.F90:473:64:

  473 |     INTEGER(C_INT64_T)                 :: stridea_64, strideb_64, stridec_64
      |                                                                1
Warning: Unused variable 'strideb_64' declared at (1) [-Wunused-variable]
/Users/runner/work/thornado/thornado/Modules/Library/LinearAlgebraModule.F90:474:62:

  474 |     INTEGER(C_LONG_LONG)               :: stridea_l, strideb_l, stridec_l
      |                                                              1
Warning: Unused variable 'strideb_l' declared at (1) [-Wunused-variable]
/Users/runner/work/thornado/thornado/Modules/Library/LinearAlgebraModule.F90:473:76:

  473 |     INTEGER(C_INT64_T)                 :: stridea_64, strideb_64, stridec_64
      |                                                                            1
Warning: Unused variable 'stridec_64' declared at (1) [-Wunused-variable]
/Users/runner/work/thornado/thornado/Modules/Library/LinearAlgebraModule.F90:474:73:

  474 |     INTEGER(C_LONG_LONG)               :: stridea_l, strideb_l, stridec_l
      |                                                                         1
Warning: Unused variable 'stridec_l' declared at (1) [-Wunused-variable]
/Users/runner/work/thornado/thornado/Modules/Library/LinearAlgebraModule.F90:371:46:

  371 |     INTEGER                            :: ierr
      |                                              1
Warning: Unused variable 'ierr' declared at (1) [-Wunused-variable]
/Users/runner/work/thornado/thornado/Modules/Library/LinearAlgebraModule.F90:190:45:

  190 |     TYPE(C_PTR)                        :: dat, dbt
      |                                             1
Warning: Unused variable 'dat' declared at (1) [-Wunused-variable]
/Users/runner/work/thornado/thornado/Modules/Library/LinearAlgebraModule.F90:190:50:

  190 |     TYPE(C_PTR)                        :: dat, dbt
      |                                                  1
Warning: Unused variable 'dbt' declared at (1) [-Wunused-variable]
/Users/runner/work/thornado/thornado/Modules/Library/LinearAlgebraModule.F90:184:52:

  184 |     INTEGER                            :: i, j, ierr, info
      |                                                    1
Warning: Unused variable 'ierr' declared at (1) [-Wunused-variable]
/Users/runner/work/thornado/thornado/Modules/Library/LinearAlgebraModule.F90:184:58:

  184 |     INTEGER                            :: i, j, ierr, info
      |                                                          1
Warning: Unused variable 'info' declared at (1) [-Wunused-variable]
f951: Warning: Nonexistent include directory '/include' [-Wmissing-include-dirs]
f951: Warning: Nonexistent include directory '/include' [-Wmissing-include-dirs]
f951: Warning: Nonexistent include directory '/include' [-Wmissing-include-dirs]
/Users/runner/work/thornado/thornado/Modules/Euler/Euler_PositivityLimiterModule.F90:57:30:

   57 |     REAL(DP) :: D_Min_Euler_PL
      |                              1
Warning: Unused variable 'd_min_euler_pl' declared at (1) [-Wunused-variable]
/Users/runner/work/thornado/thornado/Modules/Euler/Euler_PositivityLimiterModule.F90:58:33:

   58 |     REAL(DP) :: IntE_Min_Euler_PL
      |                                 1
Warning: Unused variable 'inte_min_euler_pl' declared at (1) [-Wunused-variable]
/Users/runner/work/thornado/thornado/Modules/Euler/Euler_PositivityLimiterModule.F90:54:28:

   54 |     REAL(DP) :: Min_1, Max_1
      |                            1
Warning: Unused variable 'max_1' declared at (1) [-Wunused-variable]
/Users/runner/work/thornado/thornado/Modules/Euler/Euler_PositivityLimiterModule.F90:55:28:

   55 |     REAL(DP) :: Min_2, Max_2
      |                            1
Warning: Unused variable 'max_2' declared at (1) [-Wunused-variable]
/Users/runner/work/thornado/thornado/Modules/Euler/Euler_PositivityLimiterModule.F90:56:28:

   56 |     REAL(DP) :: Min_3, Max_3
      |                            1
Warning: Unused variable 'max_3' declared at (1) [-Wunused-variable]
/Users/runner/work/thornado/thornado/Modules/Euler/Euler_PositivityLimiterModule.F90:56:21:

   56 |     REAL(DP) :: Min_3, Max_3
      |                     1
Warning: Unused variable 'min_3' declared at (1) [-Wunused-variable]
f951: Warning: Nonexistent include directory '/include' [-Wmissing-include-dirs]
f951: Warning: Nonexistent include directory '/include' [-Wmissing-include-dirs]
f951: Warning: Nonexistent include directory '/include' [-Wmissing-include-dirs]
f951: Warning: Nonexistent include directory '/include' [-Wmissing-include-dirs]
f951: Warning: Nonexistent include directory '/include' [-Wmissing-include-dirs]
f951: Warning: Nonexistent include directory '/include' [-Wmissing-include-dirs]
f951: Warning: Nonexistent include directory '/include' [-Wmissing-include-dirs]
f951: Warning: Nonexistent include directory '/include' [-Wmissing-include-dirs]
/Users/runner/work/thornado/thornado/Modules/EquationOfState/EquationOfStateModule.F90:1222:33:

 1222 |     LOGICAL :: ComputeDerivatives
      |                                 1
Warning: Unused variable 'computederivatives' declared at (1) [-Wunused-variable]
/Users/runner/work/thornado/thornado/Modules/EquationOfState/EquationOfStateModule.F90:1227:10:

 1227 |       dMdD      , dMdT      , dMdY
      |          1
Warning: Unused variable 'dmdd' declared at (1) [-Wunused-variable]
/Users/runner/work/thornado/thornado/Modules/EquationOfState/EquationOfStateModule.F90:1225:16:

 1225 |       dMdD_Local, dMdT_Local, dMdY_Local
      |                1
Warning: Unused variable 'dmdd_local' declared at (1) [-Wunused-variable]
/Users/runner/work/thornado/thornado/Modules/EquationOfState/EquationOfStateModule.F90:1227:22:

 1227 |       dMdD      , dMdT      , dMdY
      |                      1
Warning: Unused variable 'dmdt' declared at (1) [-Wunused-variable]
/Users/runner/work/thornado/thornado/Modules/EquationOfState/EquationOfStateModule.F90:1225:28:

 1225 |       dMdD_Local, dMdT_Local, dMdY_Local
      |                            1
Warning: Unused variable 'dmdt_local' declared at (1) [-Wunused-variable]
/Users/runner/work/thornado/thornado/Modules/EquationOfState/EquationOfStateModule.F90:1227:34:

 1227 |       dMdD      , dMdT      , dMdY
      |                                  1
Warning: Unused variable 'dmdy' declared at (1) [-Wunused-variable]
/Users/runner/work/thornado/thornado/Modules/EquationOfState/EquationOfStateModule.F90:1225:40:

 1225 |       dMdD_Local, dMdT_Local, dMdY_Local
      |                                        1
Warning: Unused variable 'dmdy_local' declared at (1) [-Wunused-variable]
/Users/runner/work/thornado/thornado/Modules/EquationOfState/EquationOfStateModule.F90:1223:17:

 1223 |     INTEGER :: nP
      |                 1
Warning: Unused variable 'np' declared at (1) [-Wunused-variable]
/Users/runner/work/thornado/thornado/Modules/EquationOfState/EquationOfStateModule.F90:1165:33:

 1165 |     LOGICAL :: ComputeDerivatives
      |                                 1
Warning: Unused variable 'computederivatives' declared at (1) [-Wunused-variable]
/Users/runner/work/thornado/thornado/Modules/EquationOfState/EquationOfStateModule.F90:1167:29:

 1167 |     REAL(DP), POINTER :: dMdD      , dMdT      , dMdY
      |                             1
Warning: Unused variable 'dmdd' declared at (1) [-Wunused-variable]
/Users/runner/work/thornado/thornado/Modules/EquationOfState/EquationOfStateModule.F90:1166:35:

 1166 |     REAL(DP), TARGET  :: dMdD_Local, dMdT_Local, dMdY_Local
      |                                   1
Warning: Unused variable 'dmdd_local' declared at (1) [-Wunused-variable]
/Users/runner/work/thornado/thornado/Modules/EquationOfState/EquationOfStateModule.F90:1167:41:

 1167 |     REAL(DP), POINTER :: dMdD      , dMdT      , dMdY
      |                                         1
Warning: Unused variable 'dmdt' declared at (1) [-Wunused-variable]
/Users/runner/work/thornado/thornado/Modules/EquationOfState/EquationOfStateModule.F90:1166:47:

 1166 |     REAL(DP), TARGET  :: dMdD_Local, dMdT_Local, dMdY_Local
      |                                               1
Warning: Unused variable 'dmdt_local' declared at (1) [-Wunused-variable]
/Users/runner/work/thornado/thornado/Modules/EquationOfState/EquationOfStateModule.F90:1167:53:

 1167 |     REAL(DP), POINTER :: dMdD      , dMdT      , dMdY
      |                                                     1
Warning: Unused variable 'dmdy' declared at (1) [-Wunused-variable]
/Users/runner/work/thornado/thornado/Modules/EquationOfState/EquationOfStateModule.F90:1166:59:

 1166 |     REAL(DP), TARGET  :: dMdD_Local, dMdT_Local, dMdY_Local
      |                                                           1
Warning: Unused variable 'dmdy_local' declared at (1) [-Wunused-variable]
/Users/runner/work/thornado/thornado/Modules/EquationOfState/EquationOfStateModule.F90:1100:33:

 1100 |     LOGICAL :: ComputeDerivatives
      |                                 1
Warning: Unused variable 'computederivatives' declared at (1) [-Wunused-variable]
/Users/runner/work/thornado/thornado/Modules/EquationOfState/EquationOfStateModule.F90:1105:10:

 1105 |       dMdD      , dMdT      , dMdY
      |          1
Warning: Unused variable 'dmdd' declared at (1) [-Wunused-variable]
/Users/runner/work/thornado/thornado/Modules/EquationOfState/EquationOfStateModule.F90:1103:16:

 1103 |       dMdD_Local, dMdT_Local, dMdY_Local
      |                1
Warning: Unused variable 'dmdd_local' declared at (1) [-Wunused-variable]
/Users/runner/work/thornado/thornado/Modules/EquationOfState/EquationOfStateModule.F90:1105:22:

 1105 |       dMdD      , dMdT      , dMdY
      |                      1
Warning: Unused variable 'dmdt' declared at (1) [-Wunused-variable]
/Users/runner/work/thornado/thornado/Modules/EquationOfState/EquationOfStateModule.F90:1103:28:

 1103 |       dMdD_Local, dMdT_Local, dMdY_Local
      |                            1
Warning: Unused variable 'dmdt_local' declared at (1) [-Wunused-variable]
/Users/runner/work/thornado/thornado/Modules/EquationOfState/EquationOfStateModule.F90:1105:34:

 1105 |       dMdD      , dMdT      , dMdY
      |                                  1
Warning: Unused variable 'dmdy' declared at (1) [-Wunused-variable]
/Users/runner/work/thornado/thornado/Modules/EquationOfState/EquationOfStateModule.F90:1103:40:

 1103 |       dMdD_Local, dMdT_Local, dMdY_Local
      |                                        1
Warning: Unused variable 'dmdy_local' declared at (1) [-Wunused-variable]
/Users/runner/work/thornado/thornado/Modules/EquationOfState/EquationOfStateModule.F90:1101:17:

 1101 |     INTEGER :: nP
      |                 1
Warning: Unused variable 'np' declared at (1) [-Wunused-variable]
/Users/runner/work/thornado/thornado/Modules/EquationOfState/EquationOfStateModule.F90:1043:33:

 1043 |     LOGICAL :: ComputeDerivatives
      |                                 1
Warning: Unused variable 'computederivatives' declared at (1) [-Wunused-variable]
/Users/runner/work/thornado/thornado/Modules/EquationOfState/EquationOfStateModule.F90:1045:29:

 1045 |     REAL(DP), POINTER :: dMdD      , dMdT      , dMdY
      |                             1
Warning: Unused variable 'dmdd' declared at (1) [-Wunused-variable]
/Users/runner/work/thornado/thornado/Modules/EquationOfState/EquationOfStateModule.F90:1044:35:

 1044 |     REAL(DP), TARGET  :: dMdD_Local, dMdT_Local, dMdY_Local
      |                                   1
Warning: Unused variable 'dmdd_local' declared at (1) [-Wunused-variable]
/Users/runner/work/thornado/thornado/Modules/EquationOfState/EquationOfStateModule.F90:1045:41:

 1045 |     REAL(DP), POINTER :: dMdD      , dMdT      , dMdY
      |                                         1
Warning: Unused variable 'dmdt' declared at (1) [-Wunused-variable]
/Users/runner/work/thornado/thornado/Modules/EquationOfState/EquationOfStateModule.F90:1044:47:

 1044 |     REAL(DP), TARGET  :: dMdD_Local, dMdT_Local, dMdY_Local
      |                                               1
Warning: Unused variable 'dmdt_local' declared at (1) [-Wunused-variable]
/Users/runner/work/thornado/thornado/Modules/EquationOfState/EquationOfStateModule.F90:1045:53:

 1045 |     REAL(DP), POINTER :: dMdD      , dMdT      , dMdY
      |                                                     1
Warning: Unused variable 'dmdy' declared at (1) [-Wunused-variable]
/Users/runner/work/thornado/thornado/Modules/EquationOfState/EquationOfStateModule.F90:1044:59:

 1044 |     REAL(DP), TARGET  :: dMdD_Local, dMdT_Local, dMdY_Local
      |                                                           1
Warning: Unused variable 'dmdy_local' declared at (1) [-Wunused-variable]
/Users/runner/work/thornado/thornado/Modules/EquationOfState/EquationOfStateModule.F90:978:33:

  978 |     LOGICAL :: ComputeDerivatives
      |                                 1
Warning: Unused variable 'computederivatives' declared at (1) [-Wunused-variable]
/Users/runner/work/thornado/thornado/Modules/EquationOfState/EquationOfStateModule.F90:983:10:

  983 |       dMdD      , dMdT      , dMdY
      |          1
Warning: Unused variable 'dmdd' declared at (1) [-Wunused-variable]
/Users/runner/work/thornado/thornado/Modules/EquationOfState/EquationOfStateModule.F90:981:16:

  981 |       dMdD_Local, dMdT_Local, dMdY_Local
      |                1
Warning: Unused variable 'dmdd_local' declared at (1) [-Wunused-variable]
/Users/runner/work/thornado/thornado/Modules/EquationOfState/EquationOfStateModule.F90:983:22:

  983 |       dMdD      , dMdT      , dMdY
      |                      1
Warning: Unused variable 'dmdt' declared at (1) [-Wunused-variable]
/Users/runner/work/thornado/thornado/Modules/EquationOfState/EquationOfStateModule.F90:981:28:

  981 |       dMdD_Local, dMdT_Local, dMdY_Local
      |                            1
Warning: Unused variable 'dmdt_local' declared at (1) [-Wunused-variable]
/Users/runner/work/thornado/thornado/Modules/EquationOfState/EquationOfStateModule.F90:983:34:

  983 |       dMdD      , dMdT      , dMdY
      |                                  1
Warning: Unused variable 'dmdy' declared at (1) [-Wunused-variable]
/Users/runner/work/thornado/thornado/Modules/EquationOfState/EquationOfStateModule.F90:981:40:

  981 |       dMdD_Local, dMdT_Local, dMdY_Local
      |                                        1
Warning: Unused variable 'dmdy_local' declared at (1) [-Wunused-variable]
/Users/runner/work/thornado/thornado/Modules/EquationOfState/EquationOfStateModule.F90:979:17:

  979 |     INTEGER :: nP
      |                 1
Warning: Unused variable 'np' declared at (1) [-Wunused-variable]
/Users/runner/work/thornado/thornado/Modules/EquationOfState/EquationOfStateModule.F90:921:33:

  921 |     LOGICAL :: ComputeDerivatives
      |                                 1
Warning: Unused variable 'computederivatives' declared at (1) [-Wunused-variable]
/Users/runner/work/thornado/thornado/Modules/EquationOfState/EquationOfStateModule.F90:923:29:

  923 |     REAL(DP), POINTER :: dMdD      , dMdT      , dMdY
      |                             1
Warning: Unused variable 'dmdd' declared at (1) [-Wunused-variable]
/Users/runner/work/thornado/thornado/Modules/EquationOfState/EquationOfStateModule.F90:922:35:

  922 |     REAL(DP), TARGET  :: dMdD_Local, dMdT_Local, dMdY_Local
      |                                   1
Warning: Unused variable 'dmdd_local' declared at (1) [-Wunused-variable]
/Users/runner/work/thornado/thornado/Modules/EquationOfState/EquationOfStateModule.F90:923:41:

  923 |     REAL(DP), POINTER :: dMdD      , dMdT      , dMdY
      |                                         1
Warning: Unused variable 'dmdt' declared at (1) [-Wunused-variable]
/Users/runner/work/thornado/thornado/Modules/EquationOfState/EquationOfStateModule.F90:922:47:

  922 |     REAL(DP), TARGET  :: dMdD_Local, dMdT_Local, dMdY_Local
      |                                               1
Warning: Unused variable 'dmdt_local' declared at (1) [-Wunused-variable]
/Users/runner/work/thornado/thornado/Modules/EquationOfState/EquationOfStateModule.F90:923:53:

  923 |     REAL(DP), POINTER :: dMdD      , dMdT      , dMdY
      |                                                     1
Warning: Unused variable 'dmdy' declared at (1) [-Wunused-variable]
/Users/runner/work/thornado/thornado/Modules/EquationOfState/EquationOfStateModule.F90:922:59:

  922 |     REAL(DP), TARGET  :: dMdD_Local, dMdT_Local, dMdY_Local
      |                                                           1
Warning: Unused variable 'dmdy_local' declared at (1) [-Wunused-variable]
/Users/runner/work/thornado/thornado/Modules/EquationOfState/EquationOfStateModule.F90:843:29:

  843 |     INTEGER :: Error(SIZE(D))
      |                             1
Warning: Unused variable 'error' declared at (1) [-Wunused-variable]
/Users/runner/work/thornado/thornado/Modules/EquationOfState/EquationOfStateModule.F90:808:21:

  808 |     INTEGER  :: Error
      |                     1
Warning: Unused variable 'error' declared at (1) [-Wunused-variable]
/Users/runner/work/thornado/thornado/Modules/EquationOfState/EquationOfStateModule.F90:445:33:

  445 |     LOGICAL :: ComputeDerivatives
      |                                 1
Warning: Unused variable 'computederivatives' declared at (1) [-Wunused-variable]
/Users/runner/work/thornado/thornado/Modules/EquationOfState/EquationOfStateModule.F90:450:10:

  450 |       dEdD      , dEdT      , dEdY
      |          1
Warning: Unused variable 'dedd' declared at (1) [-Wunused-variable]
/Users/runner/work/thornado/thornado/Modules/EquationOfState/EquationOfStateModule.F90:448:16:

  448 |       dEdD_Local, dEdT_Local, dEdY_Local
      |                1
Warning: Unused variable 'dedd_local' declared at (1) [-Wunused-variable]
/Users/runner/work/thornado/thornado/Modules/EquationOfState/EquationOfStateModule.F90:450:22:

  450 |       dEdD      , dEdT      , dEdY
      |                      1
Warning: Unused variable 'dedt' declared at (1) [-Wunused-variable]
/Users/runner/work/thornado/thornado/Modules/EquationOfState/EquationOfStateModule.F90:448:28:

  448 |       dEdD_Local, dEdT_Local, dEdY_Local
      |                            1
Warning: Unused variable 'dedt_local' declared at (1) [-Wunused-variable]
/Users/runner/work/thornado/thornado/Modules/EquationOfState/EquationOfStateModule.F90:450:34:

  450 |       dEdD      , dEdT      , dEdY
      |                                  1
Warning: Unused variable 'dedy' declared at (1) [-Wunused-variable]
/Users/runner/work/thornado/thornado/Modules/EquationOfState/EquationOfStateModule.F90:448:40:

  448 |       dEdD_Local, dEdT_Local, dEdY_Local
      |                                        1
Warning: Unused variable 'dedy_local' declared at (1) [-Wunused-variable]
/Users/runner/work/thornado/thornado/Modules/EquationOfState/EquationOfStateModule.F90:446:17:

  446 |     INTEGER :: nP
      |                 1
Warning: Unused variable 'np' declared at (1) [-Wunused-variable]
/Users/runner/work/thornado/thornado/Modules/EquationOfState/EquationOfStateModule.F90:388:33:

  388 |     LOGICAL :: ComputeDerivatives
      |                                 1
Warning: Unused variable 'computederivatives' declared at (1) [-Wunused-variable]
/Users/runner/work/thornado/thornado/Modules/EquationOfState/EquationOfStateModule.F90:390:29:

  390 |     REAL(DP), POINTER :: dEdD      , dEdT      , dEdY
      |                             1
Warning: Unused variable 'dedd' declared at (1) [-Wunused-variable]
/Users/runner/work/thornado/thornado/Modules/EquationOfState/EquationOfStateModule.F90:389:35:

  389 |     REAL(DP), TARGET  :: dEdD_Local, dEdT_Local, dEdY_Local
      |                                   1
Warning: Unused variable 'dedd_local' declared at (1) [-Wunused-variable]
/Users/runner/work/thornado/thornado/Modules/EquationOfState/EquationOfStateModule.F90:390:41:

  390 |     REAL(DP), POINTER :: dEdD      , dEdT      , dEdY
      |                                         1
Warning: Unused variable 'dedt' declared at (1) [-Wunused-variable]
/Users/runner/work/thornado/thornado/Modules/EquationOfState/EquationOfStateModule.F90:389:47:

  389 |     REAL(DP), TARGET  :: dEdD_Local, dEdT_Local, dEdY_Local
      |                                               1
Warning: Unused variable 'dedt_local' declared at (1) [-Wunused-variable]
/Users/runner/work/thornado/thornado/Modules/EquationOfState/EquationOfStateModule.F90:390:53:

  390 |     REAL(DP), POINTER :: dEdD      , dEdT      , dEdY
      |                                                     1
Warning: Unused variable 'dedy' declared at (1) [-Wunused-variable]
/Users/runner/work/thornado/thornado/Modules/EquationOfState/EquationOfStateModule.F90:389:59:

  389 |     REAL(DP), TARGET  :: dEdD_Local, dEdT_Local, dEdY_Local
      |                                                           1
Warning: Unused variable 'dedy_local' declared at (1) [-Wunused-variable]
/Users/runner/work/thornado/thornado/Modules/EquationOfState/EquationOfStateModule.F90:323:33:

  323 |     LOGICAL :: ComputeDerivatives
      |                                 1
Warning: Unused variable 'computederivatives' declared at (1) [-Wunused-variable]
/Users/runner/work/thornado/thornado/Modules/EquationOfState/EquationOfStateModule.F90:328:10:

  328 |       dPdD      , dPdT      , dPdY
      |          1
Warning: Unused variable 'dpdd' declared at (1) [-Wunused-variable]
/Users/runner/work/thornado/thornado/Modules/EquationOfState/EquationOfStateModule.F90:326:16:

  326 |       dPdD_Local, dPdT_Local, dPdY_Local
      |                1
Warning: Unused variable 'dpdd_local' declared at (1) [-Wunused-variable]
/Users/runner/work/thornado/thornado/Modules/EquationOfState/EquationOfStateModule.F90:328:22:

  328 |       dPdD      , dPdT      , dPdY
      |                      1
Warning: Unused variable 'dpdt' declared at (1) [-Wunused-variable]
/Users/runner/work/thornado/thornado/Modules/EquationOfState/EquationOfStateModule.F90:326:28:

  326 |       dPdD_Local, dPdT_Local, dPdY_Local
      |                            1
Warning: Unused variable 'dpdt_local' declared at (1) [-Wunused-variable]
/Users/runner/work/thornado/thornado/Modules/EquationOfState/EquationOfStateModule.F90:328:34:

  328 |       dPdD      , dPdT      , dPdY
      |                                  1
Warning: Unused variable 'dpdy' declared at (1) [-Wunused-variable]
/Users/runner/work/thornado/thornado/Modules/EquationOfState/EquationOfStateModule.F90:326:40:

  326 |       dPdD_Local, dPdT_Local, dPdY_Local
      |                                        1
Warning: Unused variable 'dpdy_local' declared at (1) [-Wunused-variable]
/Users/runner/work/thornado/thornado/Modules/EquationOfState/EquationOfStateModule.F90:324:17:

  324 |     INTEGER :: nP
      |                 1
Warning: Unused variable 'np' declared at (1) [-Wunused-variable]
/Users/runner/work/thornado/thornado/Modules/EquationOfState/EquationOfStateModule.F90:266:33:

  266 |     LOGICAL :: ComputeDerivatives
      |                                 1
Warning: Unused variable 'computederivatives' declared at (1) [-Wunused-variable]
/Users/runner/work/thornado/thornado/Modules/EquationOfState/EquationOfStateModule.F90:268:29:

  268 |     REAL(DP), POINTER :: dPdD      , dPdT      , dPdY
      |                             1
Warning: Unused variable 'dpdd' declared at (1) [-Wunused-variable]
/Users/runner/work/thornado/thornado/Modules/EquationOfState/EquationOfStateModule.F90:267:35:

  267 |     REAL(DP), TARGET  :: dPdD_Local, dPdT_Local, dPdY_Local
      |                                   1
Warning: Unused variable 'dpdd_local' declared at (1) [-Wunused-variable]
/Users/runner/work/thornado/thornado/Modules/EquationOfState/EquationOfStateModule.F90:268:41:

  268 |     REAL(DP), POINTER :: dPdD      , dPdT      , dPdY
      |                                         1
Warning: Unused variable 'dpdt' declared at (1) [-Wunused-variable]
/Users/runner/work/thornado/thornado/Modules/EquationOfState/EquationOfStateModule.F90:267:47:

  267 |     REAL(DP), TARGET  :: dPdD_Local, dPdT_Local, dPdY_Local
      |                                               1
Warning: Unused variable 'dpdt_local' declared at (1) [-Wunused-variable]
/Users/runner/work/thornado/thornado/Modules/EquationOfState/EquationOfStateModule.F90:268:53:

  268 |     REAL(DP), POINTER :: dPdD      , dPdT      , dPdY
      |                                                     1
Warning: Unused variable 'dpdy' declared at (1) [-Wunused-variable]
/Users/runner/work/thornado/thornado/Modules/EquationOfState/EquationOfStateModule.F90:267:59:

  267 |     REAL(DP), TARGET  :: dPdD_Local, dPdT_Local, dPdY_Local
      |                                                           1
Warning: Unused variable 'dpdy_local' declared at (1) [-Wunused-variable]
f951: Warning: Nonexistent include directory '/include' [-Wmissing-include-dirs]
f951: Warning: Nonexistent include directory '/include' [-Wmissing-include-dirs]
f951: Warning: Nonexistent include directory '/include' [-Wmissing-include-dirs]
f951: Warning: Nonexistent include directory '/include' [-Wmissing-include-dirs]
f951: Warning: Nonexistent include directory '/include' [-Wmissing-include-dirs]
f951: Warning: Nonexistent include directory '/include' [-Wmissing-include-dirs]
f951: Warning: Nonexistent include directory '/include' [-Wmissing-include-dirs]
/Users/runner/work/thornado/thornado/SandBox/AMReX/Modules/Euler_MR/MF_Euler_SlopeLimiterModule.f90:95:37:

   95 |     SlopeLimiterMethod        = 'TVD'
      |                                     ^
Warning: '.slopelimitermethod' may be used uninitialized [-Wmaybe-uninitialized]
/Users/runner/work/thornado/thornado/SandBox/AMReX/Modules/Euler_MR/MF_Euler_SlopeLimiterModule.f90:153:46:

  153 |   END SUBROUTINE FinalizeSlopeLimiter_Euler_MF
      |                                              ^
note: '.slopelimitermethod' declared here
f951: Warning: Nonexistent include directory '/include' [-Wmissing-include-dirs]
f951: Warning: Nonexistent include directory '/include' [-Wmissing-include-dirs]
f951: Warning: Nonexistent include directory '/include' [-Wmissing-include-dirs]
f951: Warning: Nonexistent include directory '/include' [-Wmissing-include-dirs]
/Users/runner/work/thornado/thornado/Modules/Euler/Euler_CharacteristicDecompositionModule_NonRelativistic_TABLE.f90:221:41:

  221 |     REAL(DP) :: X, Alpha, B, Delta, Zero2, invCsSq
      |                                         1
Warning: Unused variable 'zero2' declared at (1) [-Wunused-variable]
f951: Warning: Nonexistent include directory '/include' [-Wmissing-include-dirs]
f951: Warning: Nonexistent include directory '/include' [-Wmissing-include-dirs]
f951: Warning: Nonexistent include directory '/include' [-Wmissing-include-dirs]
f951: Warning: Nonexistent include directory '/include' [-Wmissing-include-dirs]
f951: Warning: Nonexistent include directory '/include' [-Wmissing-include-dirs]
f951: Warning: Nonexistent include directory '/include' [-Wmissing-include-dirs]
f951: Warning: Nonexistent include directory '/include' [-Wmissing-include-dirs]
f951: Warning: Nonexistent include directory '/include' [-Wmissing-include-dirs]
f951: Warning: Nonexistent include directory '/include' [-Wmissing-include-dirs]
f951: Warning: Nonexistent include directory '/include' [-Wmissing-include-dirs]
/Users/runner/work/thornado/thornado/SandBox/AMReX/Modules/Geometry/MF_GravitySolutionModule_XCFC_Poseidon.F90:70:7:

   70 |   USE GeometryFieldsModuleE, ONLY: &
      |       1
Fatal Error: Cannot open module file 'geometryfieldsmodulee.mod' for reading at (1): No such file or directory
compilation terminated.
make: *** [tmp_build_dir/o/1d.gnu.DEBUG.MPI.EXE/MF_GravitySolutionModule_XCFC_Poseidon.o] Error 1
tmp_build_dir/d/1d.gnu.DEBUG.MPI.EXE/f90.depends:5: module hdf5 required by /Users/runner/work/thornado/thornado/SandBox/AMReX/Modules/Library/ProgenitorModule.f90 not found
tmp_build_dir/d/1d.gnu.DEBUG.MPI.EXE/f90.depends:626: module geometryfieldsmodulee required by /Users/runner/work/thornado/thornado/SandBox/AMReX/Modules/Geometry/MF_GravitySolutionModule_XCFC_Poseidon.F90 not found
tmp_build_dir/d/1d.gnu.DEBUG.MPI.EXE/f90.depends:659: module geometryfieldsmodulee required by /Users/runner/work/thornado/thornado/Modules/Geometry/GeometryComputationModuleE.F90 not found
